<?xml version="1.0" encoding="UTF-8"?>
<!-- Generated by org.testng.reporters.JUnitReportReporter -->
<testsuite hostname="PiyushMamta" failures="0" tests="1" name="devops_cert_project.devops_phpwebsite_project_2019.Websitecheck" time="2.160" errors="0" timestamp="10 Aug 2019 21:58:53 GMT" skipped="0">
  <testcase classname="devops_cert_project.devops_phpwebsite_project_2019.Websitecheck" name="f" time="2.160"/>
</testsuite> <!-- devops_cert_project.devops_phpwebsite_project_2019.Websitecheck -->
